<?xml version="1.0" encoding="UTF-8"?>
<testsuite name="Tests" tests="1" skipped="0" failures="1" errors="0" timestamp="2021-06-13T04:46:24" hostname="DESKTOP-EP98VQM" time="0.238">
  <properties/>
  <testcase name="start" classname="Tests" time="0.238">
    <failure message="java.lang.AssertionError: Wrong answer in test #1&#10;&#10;Your program should not print a game field if there is an input mistake. (Too close to another ship)&#10;&#10;Please find below the output of your program during this failed test.&#10;Note that the '&gt;' character indicates the beginning of the input line.&#10;&#10;---&#10;&#10;&#10;&#10;&#10;&#10;&#10;&#10;&#10;&#10;&#10;&#10;&#10;  1 2 3 4 5 6 7 8 9 10&#10;A ~ ~ ~ ~ ~ ~ ~ ~ ~ ~&#10;B ~ ~ ~ ~ ~ ~ ~ ~ ~ ~&#10;C ~ ~ ~ ~ ~ ~ ~ ~ ~ ~&#10;D ~ ~ ~ ~ ~ ~ ~ ~ ~ ~&#10;E ~ ~ ~ ~ ~ ~ ~ ~ ~ ~&#10;F ~ ~ ~ ~ ~ ~ ~ ~ ~ ~&#10;G ~ ~ ~ ~ ~ ~ ~ ~ ~ ~&#10;H ~ ~ ~ ~ ~ ~ ~ ~ ~ ~&#10;I ~ ~ ~ ~ ~ ~ ~ ~ ~ ~&#10;J ~ ~ ~ ~ ~ ~ ~ ~ ~ ~&#10;Enter the coordinates of the Aircraft Carrier (5 cells): &gt; F3 F7&#10;  1 2 3 4 5 6 7 8 9 10&#10;A ~ ~ ~ ~ ~ ~ ~ ~ ~ ~&#10;B ~ ~ ~ ~ ~ ~ ~ ~ ~ ~&#10;C ~ ~ ~ ~ ~ ~ ~ ~ ~ ~&#10;D ~ ~ ~ ~ ~ ~ ~ ~ ~ ~&#10;E ~ ~ ~ ~ ~ ~ ~ ~ ~ ~&#10;F ~ ~ O O O O O ~ ~ ~&#10;G ~ ~ ~ ~ ~ ~ ~ ~ ~ ~&#10;H ~ ~ ~ ~ ~ ~ ~ ~ ~ ~&#10;I ~ ~ ~ ~ ~ ~ ~ ~ ~ ~&#10;J ~ ~ ~ ~ ~ ~ ~ ~ ~ ~&#10;Enter the coordinates of the Battleship (4 cells): &gt; A1 D1&#10;  1 2 3 4 5 6 7 8 9 10&#10;A O ~ ~ ~ ~ ~ ~ ~ ~ ~&#10;B O ~ ~ ~ ~ ~ ~ ~ ~ ~&#10;C O ~ ~ ~ ~ ~ ~ ~ ~ ~&#10;D O ~ ~ ~ ~ ~ ~ ~ ~ ~&#10;E ~ ~ ~ ~ ~ ~ ~ ~ ~ ~&#10;F ~ ~ O O O O O ~ ~ ~&#10;G ~ ~ ~ ~ ~ ~ ~ ~ ~ ~&#10;H ~ ~ ~ ~ ~ ~ ~ ~ ~ ~&#10;I ~ ~ ~ ~ ~ ~ ~ ~ ~ ~&#10;J ~ ~ ~ ~ ~ ~ ~ ~ ~ ~&#10;Enter the coordinates of the Submarine (3 cells): &gt; J7 J10&#10;Error! Wrong ship location! Try again:&#10;&gt; J10 J8&#10;  1 2 3 4 5 6 7 8 9 10&#10;A O ~ ~ ~ ~ ~ ~ ~ ~ ~&#10;B O ~ ~ ~ ~ ~ ~ ~ ~ ~&#10;C O ~ ~ ~ ~ ~ ~ ~ ~ ~&#10;D O ~ ~ ~ ~ ~ ~ ~ ~ ~&#10;E ~ ~ ~ ~ ~ ~ ~ ~ ~ ~&#10;F ~ ~ O O O O O ~ ~ ~&#10;G ~ ~ ~ ~ ~ ~ ~ ~ ~ ~&#10;H ~ ~ ~ ~ ~ ~ ~ ~ ~ ~&#10;I ~ ~ ~ ~ ~ ~ ~ ~ ~ ~&#10;J ~ ~ ~ ~ ~ ~ ~ O O O&#10;Enter the coordinates of the Cruiser (3 cells): &gt; B9 D8&#10;Error! Wrong ship location! Try again:&#10;&gt; B9 D9&#10;  1 2 3 4 5 6 7 8 9 10&#10;A O ~ ~ ~ ~ ~ ~ ~ ~ ~&#10;B O ~ ~ ~ ~ ~ ~ ~ O ~&#10;C O ~ ~ ~ ~ ~ ~ ~ O ~&#10;D O ~ ~ ~ ~ ~ ~ ~ O ~&#10;E ~ ~ ~ ~ ~ ~ ~ ~ ~ ~&#10;F ~ ~ O O O O O ~ ~ ~&#10;G ~ ~ ~ ~ ~ ~ ~ ~ ~ ~&#10;H ~ ~ ~ ~ ~ ~ ~ ~ ~ ~&#10;I ~ ~ ~ ~ ~ ~ ~ ~ ~ ~&#10;J ~ ~ ~ ~ ~ ~ ~ O O O&#10;Enter the coordinates of the Destroyer (2 cells): &gt; E6 D6&#10;  1 2 3 4 5 6 7 8 9 10&#10;A O ~ ~ ~ ~ ~ ~ ~ ~ ~&#10;B O ~ ~ ~ ~ ~ ~ ~ O ~&#10;C O ~ ~ ~ ~ ~ ~ ~ O ~&#10;D O ~ ~ ~ ~ O ~ ~ O ~&#10;E ~ ~ ~ ~ ~ O ~ ~ ~ ~&#10;F ~ ~ O O O O O ~ ~ ~&#10;G ~ ~ ~ ~ ~ ~ ~ ~ ~ ~&#10;H ~ ~ ~ ~ ~ ~ ~ ~ ~ ~&#10;I ~ ~ ~ ~ ~ ~ ~ ~ ~ ~&#10;J ~ ~ ~ ~ ~ ~ ~ O O O" type="java.lang.AssertionError">java.lang.AssertionError: Wrong answer in test #1

Your program should not print a game field if there is an input mistake. (Too close to another ship)

Please find below the output of your program during this failed test.
Note that the '&gt;' character indicates the beginning of the input line.

---












  1 2 3 4 5 6 7 8 9 10
A ~ ~ ~ ~ ~ ~ ~ ~ ~ ~
B ~ ~ ~ ~ ~ ~ ~ ~ ~ ~
C ~ ~ ~ ~ ~ ~ ~ ~ ~ ~
D ~ ~ ~ ~ ~ ~ ~ ~ ~ ~
E ~ ~ ~ ~ ~ ~ ~ ~ ~ ~
F ~ ~ ~ ~ ~ ~ ~ ~ ~ ~
G ~ ~ ~ ~ ~ ~ ~ ~ ~ ~
H ~ ~ ~ ~ ~ ~ ~ ~ ~ ~
I ~ ~ ~ ~ ~ ~ ~ ~ ~ ~
J ~ ~ ~ ~ ~ ~ ~ ~ ~ ~
Enter the coordinates of the Aircraft Carrier (5 cells): &gt; F3 F7
  1 2 3 4 5 6 7 8 9 10
A ~ ~ ~ ~ ~ ~ ~ ~ ~ ~
B ~ ~ ~ ~ ~ ~ ~ ~ ~ ~
C ~ ~ ~ ~ ~ ~ ~ ~ ~ ~
D ~ ~ ~ ~ ~ ~ ~ ~ ~ ~
E ~ ~ ~ ~ ~ ~ ~ ~ ~ ~
F ~ ~ O O O O O ~ ~ ~
G ~ ~ ~ ~ ~ ~ ~ ~ ~ ~
H ~ ~ ~ ~ ~ ~ ~ ~ ~ ~
I ~ ~ ~ ~ ~ ~ ~ ~ ~ ~
J ~ ~ ~ ~ ~ ~ ~ ~ ~ ~
Enter the coordinates of the Battleship (4 cells): &gt; A1 D1
  1 2 3 4 5 6 7 8 9 10
A O ~ ~ ~ ~ ~ ~ ~ ~ ~
B O ~ ~ ~ ~ ~ ~ ~ ~ ~
C O ~ ~ ~ ~ ~ ~ ~ ~ ~
D O ~ ~ ~ ~ ~ ~ ~ ~ ~
E ~ ~ ~ ~ ~ ~ ~ ~ ~ ~
F ~ ~ O O O O O ~ ~ ~
G ~ ~ ~ ~ ~ ~ ~ ~ ~ ~
H ~ ~ ~ ~ ~ ~ ~ ~ ~ ~
I ~ ~ ~ ~ ~ ~ ~ ~ ~ ~
J ~ ~ ~ ~ ~ ~ ~ ~ ~ ~
Enter the coordinates of the Submarine (3 cells): &gt; J7 J10
Error! Wrong ship location! Try again:
&gt; J10 J8
  1 2 3 4 5 6 7 8 9 10
A O ~ ~ ~ ~ ~ ~ ~ ~ ~
B O ~ ~ ~ ~ ~ ~ ~ ~ ~
C O ~ ~ ~ ~ ~ ~ ~ ~ ~
D O ~ ~ ~ ~ ~ ~ ~ ~ ~
E ~ ~ ~ ~ ~ ~ ~ ~ ~ ~
F ~ ~ O O O O O ~ ~ ~
G ~ ~ ~ ~ ~ ~ ~ ~ ~ ~
H ~ ~ ~ ~ ~ ~ ~ ~ ~ ~
I ~ ~ ~ ~ ~ ~ ~ ~ ~ ~
J ~ ~ ~ ~ ~ ~ ~ O O O
Enter the coordinates of the Cruiser (3 cells): &gt; B9 D8
Error! Wrong ship location! Try again:
&gt; B9 D9
  1 2 3 4 5 6 7 8 9 10
A O ~ ~ ~ ~ ~ ~ ~ ~ ~
B O ~ ~ ~ ~ ~ ~ ~ O ~
C O ~ ~ ~ ~ ~ ~ ~ O ~
D O ~ ~ ~ ~ ~ ~ ~ O ~
E ~ ~ ~ ~ ~ ~ ~ ~ ~ ~
F ~ ~ O O O O O ~ ~ ~
G ~ ~ ~ ~ ~ ~ ~ ~ ~ ~
H ~ ~ ~ ~ ~ ~ ~ ~ ~ ~
I ~ ~ ~ ~ ~ ~ ~ ~ ~ ~
J ~ ~ ~ ~ ~ ~ ~ O O O
Enter the coordinates of the Destroyer (2 cells): &gt; E6 D6
  1 2 3 4 5 6 7 8 9 10
A O ~ ~ ~ ~ ~ ~ ~ ~ ~
B O ~ ~ ~ ~ ~ ~ ~ O ~
C O ~ ~ ~ ~ ~ ~ ~ O ~
D O ~ ~ ~ ~ O ~ ~ O ~
E ~ ~ ~ ~ ~ O ~ ~ ~ ~
F ~ ~ O O O O O ~ ~ ~
G ~ ~ ~ ~ ~ ~ ~ ~ ~ ~
H ~ ~ ~ ~ ~ ~ ~ ~ ~ ~
I ~ ~ ~ ~ ~ ~ ~ ~ ~ ~
J ~ ~ ~ ~ ~ ~ ~ O O O
	at org.junit.Assert.fail(Assert.java:88)
	at org.hyperskill.hstest.stage.StageTest.start(StageTest.java:141)
	at java.base/jdk.internal.reflect.NativeMethodAccessorImpl.invoke0(Native Method)
	at java.base/jdk.internal.reflect.NativeMethodAccessorImpl.invoke(NativeMethodAccessorImpl.java:62)
	at java.base/jdk.internal.reflect.DelegatingMethodAccessorImpl.invoke(DelegatingMethodAccessorImpl.java:43)
	at java.base/java.lang.reflect.Method.invoke(Method.java:566)
	at org.junit.runners.model.FrameworkMethod$1.runReflectiveCall(FrameworkMethod.java:50)
	at org.junit.internal.runners.model.ReflectiveCallable.run(ReflectiveCallable.java:12)
	at org.junit.runners.model.FrameworkMethod.invokeExplosively(FrameworkMethod.java:47)
	at org.junit.internal.runners.statements.InvokeMethod.evaluate(InvokeMethod.java:17)
	at org.junit.runners.ParentRunner.runLeaf(ParentRunner.java:325)
	at org.junit.runners.BlockJUnit4ClassRunner.runChild(BlockJUnit4ClassRunner.java:78)
	at org.junit.runners.BlockJUnit4ClassRunner.runChild(BlockJUnit4ClassRunner.java:57)
	at org.junit.runners.ParentRunner$3.run(ParentRunner.java:290)
	at org.junit.runners.ParentRunner$1.schedule(ParentRunner.java:71)
	at org.junit.runners.ParentRunner.runChildren(ParentRunner.java:288)
	at org.junit.runners.ParentRunner.access$000(ParentRunner.java:58)
	at org.junit.runners.ParentRunner$2.evaluate(ParentRunner.java:268)
	at org.junit.runners.ParentRunner.run(ParentRunner.java:363)
	at org.gradle.api.internal.tasks.testing.junit.JUnitTestClassExecutor.runTestClass(JUnitTestClassExecutor.java:110)
	at org.gradle.api.internal.tasks.testing.junit.JUnitTestClassExecutor.execute(JUnitTestClassExecutor.java:58)
	at org.gradle.api.internal.tasks.testing.junit.JUnitTestClassExecutor.execute(JUnitTestClassExecutor.java:38)
	at org.gradle.api.internal.tasks.testing.junit.AbstractJUnitTestClassProcessor.processTestClass(AbstractJUnitTestClassProcessor.java:62)
	at org.gradle.api.internal.tasks.testing.SuiteTestClassProcessor.processTestClass(SuiteTestClassProcessor.java:51)
	at java.base/jdk.internal.reflect.NativeMethodAccessorImpl.invoke0(Native Method)
	at java.base/jdk.internal.reflect.NativeMethodAccessorImpl.invoke(NativeMethodAccessorImpl.java:62)
	at java.base/jdk.internal.reflect.DelegatingMethodAccessorImpl.invoke(DelegatingMethodAccessorImpl.java:43)
	at java.base/java.lang.reflect.Method.invoke(Method.java:566)
	at org.gradle.internal.dispatch.ReflectionDispatch.dispatch(ReflectionDispatch.java:36)
	at org.gradle.internal.dispatch.ReflectionDispatch.dispatch(ReflectionDispatch.java:24)
	at org.gradle.internal.dispatch.ContextClassLoaderDispatch.dispatch(ContextClassLoaderDispatch.java:33)
	at org.gradle.internal.dispatch.ProxyDispatchAdapter$DispatchingInvocationHandler.invoke(ProxyDispatchAdapter.java:94)
	at com.sun.proxy.$Proxy2.processTestClass(Unknown Source)
	at org.gradle.api.internal.tasks.testing.worker.TestWorker.processTestClass(TestWorker.java:119)
	at java.base/jdk.internal.reflect.NativeMethodAccessorImpl.invoke0(Native Method)
	at java.base/jdk.internal.reflect.NativeMethodAccessorImpl.invoke(NativeMethodAccessorImpl.java:62)
	at java.base/jdk.internal.reflect.DelegatingMethodAccessorImpl.invoke(DelegatingMethodAccessorImpl.java:43)
	at java.base/java.lang.reflect.Method.invoke(Method.java:566)
	at org.gradle.internal.dispatch.ReflectionDispatch.dispatch(ReflectionDispatch.java:36)
	at org.gradle.internal.dispatch.ReflectionDispatch.dispatch(ReflectionDispatch.java:24)
	at org.gradle.internal.remote.internal.hub.MessageHubBackedObjectConnection$DispatchWrapper.dispatch(MessageHubBackedObjectConnection.java:182)
	at org.gradle.internal.remote.internal.hub.MessageHubBackedObjectConnection$DispatchWrapper.dispatch(MessageHubBackedObjectConnection.java:164)
	at org.gradle.internal.remote.internal.hub.MessageHub$Handler.run(MessageHub.java:414)
	at org.gradle.internal.concurrent.ExecutorPolicy$CatchAndRecordFailures.onExecute(ExecutorPolicy.java:64)
	at org.gradle.internal.concurrent.ManagedExecutorImpl$1.run(ManagedExecutorImpl.java:48)
	at java.base/java.util.concurrent.ThreadPoolExecutor.runWorker(ThreadPoolExecutor.java:1128)
	at java.base/java.util.concurrent.ThreadPoolExecutor$Worker.run(ThreadPoolExecutor.java:628)
	at org.gradle.internal.concurrent.ThreadFactoryImpl$ManagedThreadRunnable.run(ThreadFactoryImpl.java:56)
	at java.base/java.lang.Thread.run(Thread.java:829)
</failure>
  </testcase>
  <system-out><![CDATA[?[1;31m
Start test 1?[0m











  1 2 3 4 5 6 7 8 9 10
A ~ ~ ~ ~ ~ ~ ~ ~ ~ ~
B ~ ~ ~ ~ ~ ~ ~ ~ ~ ~
C ~ ~ ~ ~ ~ ~ ~ ~ ~ ~
D ~ ~ ~ ~ ~ ~ ~ ~ ~ ~
E ~ ~ ~ ~ ~ ~ ~ ~ ~ ~
F ~ ~ ~ ~ ~ ~ ~ ~ ~ ~
G ~ ~ ~ ~ ~ ~ ~ ~ ~ ~
H ~ ~ ~ ~ ~ ~ ~ ~ ~ ~
I ~ ~ ~ ~ ~ ~ ~ ~ ~ ~
J ~ ~ ~ ~ ~ ~ ~ ~ ~ ~
Enter the coordinates of the Aircraft Carrier (5 cells): > F3 F7
  1 2 3 4 5 6 7 8 9 10
A ~ ~ ~ ~ ~ ~ ~ ~ ~ ~
B ~ ~ ~ ~ ~ ~ ~ ~ ~ ~
C ~ ~ ~ ~ ~ ~ ~ ~ ~ ~
D ~ ~ ~ ~ ~ ~ ~ ~ ~ ~
E ~ ~ ~ ~ ~ ~ ~ ~ ~ ~
F ~ ~ O O O O O ~ ~ ~
G ~ ~ ~ ~ ~ ~ ~ ~ ~ ~
H ~ ~ ~ ~ ~ ~ ~ ~ ~ ~
I ~ ~ ~ ~ ~ ~ ~ ~ ~ ~
J ~ ~ ~ ~ ~ ~ ~ ~ ~ ~
Enter the coordinates of the Battleship (4 cells): > A1 D1
  1 2 3 4 5 6 7 8 9 10
A O ~ ~ ~ ~ ~ ~ ~ ~ ~
B O ~ ~ ~ ~ ~ ~ ~ ~ ~
C O ~ ~ ~ ~ ~ ~ ~ ~ ~
D O ~ ~ ~ ~ ~ ~ ~ ~ ~
E ~ ~ ~ ~ ~ ~ ~ ~ ~ ~
F ~ ~ O O O O O ~ ~ ~
G ~ ~ ~ ~ ~ ~ ~ ~ ~ ~
H ~ ~ ~ ~ ~ ~ ~ ~ ~ ~
I ~ ~ ~ ~ ~ ~ ~ ~ ~ ~
J ~ ~ ~ ~ ~ ~ ~ ~ ~ ~
Enter the coordinates of the Submarine (3 cells): > J7 J10
Error! Wrong ship location! Try again:
> J10 J8
  1 2 3 4 5 6 7 8 9 10
A O ~ ~ ~ ~ ~ ~ ~ ~ ~
B O ~ ~ ~ ~ ~ ~ ~ ~ ~
C O ~ ~ ~ ~ ~ ~ ~ ~ ~
D O ~ ~ ~ ~ ~ ~ ~ ~ ~
E ~ ~ ~ ~ ~ ~ ~ ~ ~ ~
F ~ ~ O O O O O ~ ~ ~
G ~ ~ ~ ~ ~ ~ ~ ~ ~ ~
H ~ ~ ~ ~ ~ ~ ~ ~ ~ ~
I ~ ~ ~ ~ ~ ~ ~ ~ ~ ~
J ~ ~ ~ ~ ~ ~ ~ O O O
Enter the coordinates of the Cruiser (3 cells): > B9 D8
Error! Wrong ship location! Try again:
> B9 D9
  1 2 3 4 5 6 7 8 9 10
A O ~ ~ ~ ~ ~ ~ ~ ~ ~
B O ~ ~ ~ ~ ~ ~ ~ O ~
C O ~ ~ ~ ~ ~ ~ ~ O ~
D O ~ ~ ~ ~ ~ ~ ~ O ~
E ~ ~ ~ ~ ~ ~ ~ ~ ~ ~
F ~ ~ O O O O O ~ ~ ~
G ~ ~ ~ ~ ~ ~ ~ ~ ~ ~
H ~ ~ ~ ~ ~ ~ ~ ~ ~ ~
I ~ ~ ~ ~ ~ ~ ~ ~ ~ ~
J ~ ~ ~ ~ ~ ~ ~ O O O
Enter the coordinates of the Destroyer (2 cells): > E6 D6
  1 2 3 4 5 6 7 8 9 10
A O ~ ~ ~ ~ ~ ~ ~ ~ ~
B O ~ ~ ~ ~ ~ ~ ~ O ~
C O ~ ~ ~ ~ ~ ~ ~ O ~
D O ~ ~ ~ ~ O ~ ~ O ~
E ~ ~ ~ ~ ~ O ~ ~ ~ ~
F ~ ~ O O O O O ~ ~ ~
G ~ ~ ~ ~ ~ ~ ~ ~ ~ ~
H ~ ~ ~ ~ ~ ~ ~ ~ ~ ~
I ~ ~ ~ ~ ~ ~ ~ ~ ~ ~
J ~ ~ ~ ~ ~ ~ ~ O O O
]]></system-out>
  <system-err><![CDATA[]]></system-err>
</testsuite>
